Arguments: 
  /Users/zack.kirsh/.nvm/versions/node/v8.9.4/bin/node /Users/zack.kirsh/.nvm/versions/node/v8.9.4/lib/node_modules/yarn/bin/yarn.js run lint

PATH: 
  /opt/local/bin:/opt/local/sbin:/Users/zack.kirsh/.yarn/bin:/Users/zack.kirsh/.config/yarn/global/node_modules/.bin:/Users/zack.kirsh/.nvm/versions/node/v8.9.4/bin:/opt/local/bin:/opt/local/sbin:/usr/local/bin:/usr/local/sbin:/usr/local/mysql-5.1.58-osx10.6-x86_64/bin:/Users/zack.kirsh/.rvm/gems/ruby-2.4.0/bin:/Users/zack.kirsh/.rvm/gems/ruby-2.4.0@global/bin:/Users/zack.kirsh/.rvm/rubies/ruby-2.4.0/bin:/usr/local/bin:/usr/bin:/bin:/usr/sbin:/sbin:/usr/local/MacGPG2/bin:/opt/X11/bin:/Library/Frameworks/Mono.framework/Versions/Current/Commands:/Applications/Wireshark.app/Contents/MacOS:/Users/zack.kirsh/.rvm/bin:/Users/zack.kirsh/.rvm/bin:/Volumes/fiverr_dev/f/bin

Yarn version: 
  1.5.1

Node version: 
  8.9.4

Platform: 
  darwin x64

npm manifest: 
  {
    "name": "extract-css-chunks-webpack-plugin",
    "version": "0.0.0-placeholder",
    "description": "Extract CSS from chunks into stylesheets + HMR",
    "license": "MIT",
    "repository": "zackljackson/extract-css-chunks-webpack-plugin",
    "author": "James Gillmore <james@faceyspacey.com>",
    "homepage": "https://github.com/zackljackson/extract-css-chunks-webpack-plugin",
    "bugs": "https://github.com/zackljackson/extract-css-chunks-webpack-plugin/issues",
    "bin": "",
    "main": "dist/cjs.js",
    "engines": {
      "node": ">= 6.9.0 <7.0.0 || >= 8.9.0"
    },
    "scripts": {
      "start": "npm run build -- -w",
      "build": "cross-env NODE_ENV=production babel src -d dist --ignore 'src/**/*.test.js' --copy-files",
      "clean": "del-cli dist",
      "lint": "eslint --cache src test",
      "ci:lint:commits": "commitlint --from=${CIRCLE_BRANCH} --to=${CIRCLE_SHA1}",
      "lint-staged": "lint-staged",
      "prebuild": "npm run clean",
      "prepublish": "npm run build",
      "release": "standard-version",
      "release:ci": "conventional-github-releaser -p angular",
      "release:validate": "commitlint --from=$(git describe --tags --abbrev=0) --to=$(git rev-parse HEAD)",
      "security": "nsp check",
      "test": "jest",
      "test:watch": "jest --watch",
      "test:coverage": "jest --collectCoverageFrom='src/**/*.js' --coverage",
      "ci:lint": "npm run lint && npm run security",
      "ci:test": "npm run test -- --runInBand",
      "ci:coverage": "npm run test:coverage -- --runInBand"
    },
    "files": [
      "dist"
    ],
    "peerDependencies": {
      "webpack": "^4.4.0"
    },
    "dependencies": {
      "@webpack-contrib/schema-utils": "^1.0.0-beta.0",
      "loader-utils": "^1.1.0",
      "webpack-sources": "^1.1.0"
    },
    "devDependencies": {
      "@webpack-contrib/eslint-config-webpack": "^2.0.4",
      "babel-cli": "^6.26.0",
      "babel-eslint": "^7.2.3",
      "babel-jest": "^22.2.2",
      "babel-plugin-transform-object-rest-spread": "^6.26.0",
      "babel-polyfill": "^6.26.0",
      "babel-preset-env": "^1.6.1",
      "conventional-github-releaser": "^2.0.2",
      "cross-env": "^5.1.3",
      "css-loader": "^0.28.10",
      "del": "^3.0.0",
      "del-cli": "^1.1.0",
      "eslint": "^3.19.0",
      "eslint-config-airbnb": "^15.0.1",
      "eslint-plugin-flowtype": "^2.32.1",
      "eslint-plugin-import": "^2.8.0",
      "eslint-plugin-jsx-a11y": "^5.0.3",
      "eslint-plugin-prettier": "^2.6.0",
      "eslint-plugin-react": "^7.0.1",
      "husky": "^0.14.3",
      "jest": "^22.2.2",
      "lint-staged": "^6.1.0",
      "memory-fs": "^0.4.1",
      "nsp": "^3.1.0",
      "pre-commit": "^1.2.2",
      "prettier": "^1.11.1",
      "standard-version": "^4.3.0",
      "webpack": "^4.4.0",
      "webpack-cli": "^2.0.13",
      "webpack-dev-server": "^3.1.1"
    },
    "keywords": [
      "webpack"
    ],
    "pre-commit": "lint-staged",
    "lint-staged": {
      "*.js": [
        "eslint --fix",
        "git add"
      ]
    }
  }

yarn manifest: 
  No manifest

Lockfile: 
  No lockfile

Trace: 
  Error: Command failed.
  Exit code: 1
  Command: sh
  Arguments: -c eslint --cache src test
  Directory: /Volumes/fiverr_dev/extract-css-chunks-webpack-plugin
  Output:
  
      at ProcessTermError.MessageError (/Users/zack.kirsh/.nvm/versions/node/v8.9.4/lib/node_modules/yarn/lib/cli.js:186:110)
      at new ProcessTermError (/Users/zack.kirsh/.nvm/versions/node/v8.9.4/lib/node_modules/yarn/lib/cli.js:226:113)
      at ChildProcess.<anonymous> (/Users/zack.kirsh/.nvm/versions/node/v8.9.4/lib/node_modules/yarn/lib/cli.js:30281:17)
      at emitTwo (events.js:126:13)
      at ChildProcess.emit (events.js:214:7)
      at maybeClose (internal/child_process.js:925:16)
      at Process.ChildProcess._handle.onexit (internal/child_process.js:209:5)
